#
# There is insufficient memory for the Java Runtime Environment to continue.
# Native memory allocation (malloc) failed to allocate 2097152 bytes for AllocateHeap
# Possible reasons:
#   The system is out of physical RAM or swap space
#   The process is running with CompressedOops enabled, and the Java Heap may be blocking the growth of the native heap
# Possible solutions:
#   Reduce memory load on the system
#   Increase physical memory or swap space
#   Check if swap backing store is full
#   Decrease Java heap size (-Xmx/-Xms)
#   Decrease number of Java threads
#   Decrease Java thread stack sizes (-Xss)
#   Set larger code cache with -XX:ReservedCodeCacheSize=
#   JVM is running with Unscaled Compressed Oops mode in which the Java heap is
#     placed in the first 4GB address space. The Java Heap base address is the
#     maximum limit for the native heap growth. Please use -XX:HeapBaseMinAddress
#     to set the Java Heap base and to place the Java Heap above 4GB virtual address.
# This output file may be truncated or incomplete.
#
#  Out of Memory Error (./src/hotspot/share/memory/allocation.cpp:46), pid=7980, tid=8212
#
# JRE version: OpenJDK Runtime Environment JBR-11.0.9.1.11-1145.37-jcef (11.0.9.1+11) (build 11.0.9.1+11-b1145.37)
# Java VM: OpenJDK 64-Bit Server VM JBR-11.0.9.1.11-1145.37-jcef (11.0.9.1+11-b1145.37, mixed mode, tiered, compressed oops, g1 gc, windows-amd64)
# No core dump will be written. Minidumps are not enabled by default on client versions of Windows
#

---------------  S U M M A R Y ------------

Command Line: -Djava.rmi.server.hostname=127.0.0.1 -Duser.timezone=UTC -Xmx750m -Xms128m -Dfile.encoding=UTF-8 com.intellij.database.remote.RemoteJdbcServer org.sqlite.JDBC

Host: Intel(R) Core(TM) i3-5005U CPU @ 2.00GHz, 4 cores, 3G,  Windows 10 , 64 bit Build 18362 (10.0.18362.1316)
Time: Fri Feb 12 16:37:18 2021 RTZ 2 (ceia) elapsed time: 3606.826638 seconds (0d 1h 0m 6s)

---------------  T H R E A D  ---------------

Current thread (0x00000299da9bd800):  VMThread "VM Thread" [stack: 0x000000e387600000,0x000000e387700000] [id=8212]

Stack: [0x000000e387600000,0x000000e387700000]
[error occurred during error reporting (printing stack bounds), id 0xc0000005, EXCEPTION_ACCESS_VIOLATION (0xc0000005) at pc=0x00000299c7980dad]

Native frames: (J=compiled Java code, j=interpreted, Vv=VM code, C=native code)
V  [jvm.dll+0x5edd9a]
V  [jvm.dll+0x7229c5]
V  [jvm.dll+0x723f1d]
V  [jvm.dll+0x724535]
V  [jvm.dll+0x7244eb]
V  [jvm.dll+0x5ed1f8]
V  [jvm.dll+0x5ed988]
C  [ntdll.dll+0xa184f]
C  [ntdll.dll+0x6a889]
C  [ntdll.dll+0xa04be]
C  0x00000299c7980dad

VM_Operation (0x000000e3884fea30): G1CollectFull, mode: safepoint, requested by thread 0x00000299db874000


---------------  P R O C E S S  ---------------

Threads class SMR info:
_java_thread_list=0x00000299dbb08c40, length=16, elements={
0x00000299c3d7a000, 0x00000299da9e2800, 0x00000299da9e4000, 0x00000299daa04000,
0x00000299daa06000, 0x00000299daa08800, 0x00000299daa0b000, 0x00000299daa15000,
0x00000299db4df000, 0x00000299db4ce800, 0x00000299db817800, 0x00000299db86e800,
0x00000299db873000, 0x00000299db874000, 0x00000299dba09800, 0x00000299dba36800
}

Java Threads: ( => current thread )
  0x00000299c3d7a000 JavaThread "main" [_thread_blocked, id=6500, stack(0x000000e387000000,0x000000e387100000)]
  0x00000299da9e2800 JavaThread "Reference Handler" daemon [_thread_blocked, id=9252, stack(0x000000e387700000,0x000000e387800000)]
  0x00000299da9e4000 JavaThread "Finalizer" daemon [_thread_blocked, id=3220, stack(0x000000e387800000,0x000000e387900000)]
  0x00000299daa04000 JavaThread "Signal Dispatcher" daemon [_thread_blocked, id=3372, stack(0x000000e387900000,0x000000e387a00000)]
  0x00000299daa06000 JavaThread "Attach Listener" daemon [_thread_blocked, id=5368, stack(0x000000e387a00000,0x000000e387b00000)]
  0x00000299daa08800 JavaThread "C2 CompilerThread0" daemon [_thread_blocked, id=6356, stack(0x000000e387b00000,0x000000e387c00000)]
  0x00000299daa0b000 JavaThread "C1 CompilerThread0" daemon [_thread_blocked, id=5464, stack(0x000000e387c00000,0x000000e387d00000)]
  0x00000299daa15000 JavaThread "Sweeper thread" daemon [_thread_blocked, id=6948, stack(0x000000e387d00000,0x000000e387e00000)]
  0x00000299db4df000 JavaThread "Service Thread" daemon [_thread_blocked, id=2256, stack(0x000000e387e00000,0x000000e387f00000)]
  0x00000299db4ce800 JavaThread "Common-Cleaner" daemon [_thread_blocked, id=8756, stack(0x000000e388000000,0x000000e388100000)]
  0x00000299db817800 JavaThread "RMI TCP Accept-62052" daemon [_thread_in_native, id=2872, stack(0x000000e388100000,0x000000e388200000)]
  0x00000299db86e800 JavaThread "RMI TCP Accept-0" daemon [_thread_in_native, id=8000, stack(0x000000e388200000,0x000000e388300000)]
  0x00000299db873000 JavaThread "RMI Reaper" [_thread_blocked, id=3488, stack(0x000000e388300000,0x000000e388400000)]
  0x00000299db874000 JavaThread "RMI GC Daemon" daemon [_thread_blocked, id=2164, stack(0x000000e388400000,0x000000e388500000)]
  0x00000299dba09800 JavaThread "RMI Scheduler(0)" daemon [_thread_blocked, id=9544, stack(0x000000e388800000,0x000000e388900000)]
  0x00000299dba36800 JavaThread "RMI RenewClean-[127.0.0.1:6575]" daemon [_thread_blocked, id=304, stack(0x000000e388a00000,0x000000e388b00000)]

Other Threads:
=>0x00000299da9bd800 VMThread "VM Thread" [stack: 0x000000e387600000,0x000000e387700000] [id=8212]
  0x00000299db4c7800 WatcherThread [stack: 0x000000e387f00000,0x000000e388000000] [id=1420]
  0x00000299c3d91000 GCTaskThread "GC Thread#0" [stack: 0x000000e387100000,0x000000e387200000] [id=3164]
  0x00000299dbb7e000 GCTaskThread "GC Thread#1" [stack: 0x000000e388b00000,0x000000e388c00000] [id=8540]
  0x00000299dcb09000 GCTaskThread "GC Thread#2" [stack: 0x000000e388c00000,0x000000e388d00000] [id=3136]
  0x00000299dcb0a000 GCTaskThread "GC Thread#3" [stack: 0x000000e388d00000,0x000000e388e00000] [id=2360]
  0x00000299c3da8800 ConcurrentGCThread "G1 Main Marker" [stack: 0x000000e387200000,0x000000e387300000] [id=7156]
  0x00000299c3dab800 ConcurrentGCThread "G1 Conc#0" [stack: 0x000000e387300000,0x000000e387400000] [id=6452]
  0x00000299c3e38000 ConcurrentGCThread "G1 Refine#0" [stack: 0x000000e387400000,0x000000e387500000] [id=4740]
  0x00000299db57e800 ConcurrentGCThread "G1 Refine#1" [stack: 0x000000e388e00000,0x000000e388f00000] [id=4448]
  0x00000299c3e39800 ConcurrentGCThread "G1 Young RemSet Sampling" [stack: 0x000000e387500000,0x000000e387600000] [id=5728]

Threads with active compile tasks:

VM state:at safepoint (normal execution)

VM Mutex/Monitor currently owned by a thread:  ([mutex/lock_event])
[0x00000299c3d76a40] Threads_lock - owner thread: 0x00000299da9bd800
[0x00000299c3d780c0] Heap_lock - owner thread: 0x00000299db874000

Heap address: 0x00000000d1200000, size: 750 MB, Compressed Oops mode: 32-bit
Narrow klass base: 0x0000000000000000, Narrow klass shift: 3
Compressed class space size: 1073741824 Address: 0x0000000100000000

Heap:
 garbage-first heap   total 131072K, used 25038K [0x00000000d1200000, 0x0000000100000000)
  region size 1024K, 22 young (22528K), 1 survivors (1024K)
 Metaspace       used 14973K, capacity 15540K, committed 15744K, reserved 1062912K
  class space    used 1458K, capacity 1644K, committed 1664K, reserved 1048576K
Heap Regions: E=young(eden), S=young(survivor), O=old, HS=humongous(starts), HC=humongous(continues), CS=collection set, F=free, A=archive, TAMS=top-at-mark-start (previous, next)
|   0|0x00000000d1200000, 0x00000000d1300000, 0x00000000d1300000|100%| O|  |TAMS 0x00000000d1200000, 0x00000000d1200000| Untracked 
|   1|0x00000000d1300000, 0x00000000d1400000, 0x00000000d1400000|100%| O|  |TAMS 0x00000000d1300000, 0x00000000d1300000| Untracked 
|   2|0x00000000d1400000, 0x00000000d1500000, 0x00000000d1500000|100%| O|  |TAMS 0x00000000d1400000, 0x00000000d1400000| Untracked 
|   3|0x00000000d1500000, 0x00000000d15b4000, 0x00000000d1600000| 70%| O|  |TAMS 0x00000000d1500000, 0x00000000d1500000| Untracked 
|   4|0x00000000d1600000, 0x00000000d1600000, 0x00000000d1700000|  0%| F|  |TAMS 0x00000000d1600000, 0x00000000d1600000| Untracked 
|   5|0x00000000d1700000, 0x00000000d1700000, 0x00000000d1800000|  0%| F|  |TAMS 0x00000000d1700000, 0x00000000d1700000| Untracked 
|   6|0x00000000d1800000, 0x00000000d1800000, 0x00000000d1900000|  0%| F|  |TAMS 0x00000000d1800000, 0x00000000d1800000| Untracked 
|   7|0x00000000d1900000, 0x00000000d1900000, 0x00000000d1a00000|  0%| F|  |TAMS 0x00000000d1900000, 0x00000000d1900000| Untracked 
|   8|0x00000000d1a00000, 0x00000000d1a00000, 0x00000000d1b00000|  0%| F|  |TAMS 0x00000000d1a00000, 0x00000000d1a00000| Untracked 
|   9|0x00000000d1b00000, 0x00000000d1b00000, 0x00000000d1c00000|  0%| F|  |TAMS 0x00000000d1b00000, 0x00000000d1b00000| Untracked 
|  10|0x00000000d1c00000, 0x00000000d1c00000, 0x00000000d1d00000|  0%| F|  |TAMS 0x00000000d1c00000, 0x00000000d1c00000| Untracked 
|  11|0x00000000d1d00000, 0x00000000d1d00000, 0x00000000d1e00000|  0%| F|  |TAMS 0x00000000d1d00000, 0x00000000d1d00000| Untracked 
|  12|0x00000000d1e00000, 0x00000000d1e00000, 0x00000000d1f00000|  0%| F|  |TAMS 0x00000000d1e00000, 0x00000000d1e00000| Untracked 
|  13|0x00000000d1f00000, 0x00000000d1f00000, 0x00000000d2000000|  0%| F|  |TAMS 0x00000000d1f00000, 0x00000000d1f00000| Untracked 
|  14|0x00000000d2000000, 0x00000000d2000000, 0x00000000d2100000|  0%| F|  |TAMS 0x00000000d2000000, 0x00000000d2000000| Untracked 
|  15|0x00000000d2100000, 0x00000000d2100000, 0x00000000d2200000|  0%| F|  |TAMS 0x00000000d2100000, 0x00000000d2100000| Untracked 
|  16|0x00000000d2200000, 0x00000000d2200000, 0x00000000d2300000|  0%| F|  |TAMS 0x00000000d2200000, 0x00000000d2200000| Untracked 
|  17|0x00000000d2300000, 0x00000000d2300000, 0x00000000d2400000|  0%| F|  |TAMS 0x00000000d2300000, 0x00000000d2300000| Untracked 
|  18|0x00000000d2400000, 0x00000000d2400000, 0x00000000d2500000|  0%| F|  |TAMS 0x00000000d2400000, 0x00000000d2400000| Untracked 
|  19|0x00000000d2500000, 0x00000000d2500000, 0x00000000d2600000|  0%| F|  |TAMS 0x00000000d2500000, 0x00000000d2500000| Untracked 
|  20|0x00000000d2600000, 0x00000000d2600000, 0x00000000d2700000|  0%| F|  |TAMS 0x00000000d2600000, 0x00000000d2600000| Untracked 
|  21|0x00000000d2700000, 0x00000000d2700000, 0x00000000d2800000|  0%| F|  |TAMS 0x00000000d2700000, 0x00000000d2700000| Untracked 
|  22|0x00000000d2800000, 0x00000000d2800000, 0x00000000d2900000|  0%| F|  |TAMS 0x00000000d2800000, 0x00000000d2800000| Untracked 
|  23|0x00000000d2900000, 0x00000000d2900000, 0x00000000d2a00000|  0%| F|  |TAMS 0x00000000d2900000, 0x00000000d2900000| Untracked 
|  24|0x00000000d2a00000, 0x00000000d2a00000, 0x00000000d2b00000|  0%| F|  |TAMS 0x00000000d2a00000, 0x00000000d2a00000| Untracked 
|  25|0x00000000d2b00000, 0x00000000d2b00000, 0x00000000d2c00000|  0%| F|  |TAMS 0x00000000d2b00000, 0x00000000d2b00000| Untracked 
|  26|0x00000000d2c00000, 0x00000000d2c00000, 0x00000000d2d00000|  0%| F|  |TAMS 0x00000000d2c00000, 0x00000000d2c00000| Untracked 
|  27|0x00000000d2d00000, 0x00000000d2d00000, 0x00000000d2e00000|  0%| F|  |TAMS 0x00000000d2d00000, 0x00000000d2d00000| Untracked 
|  28|0x00000000d2e00000, 0x00000000d2e00000, 0x00000000d2f00000|  0%| F|  |TAMS 0x00000000d2e00000, 0x00000000d2e00000| Untracked 
|  29|0x00000000d2f00000, 0x00000000d2f00000, 0x00000000d3000000|  0%| F|  |TAMS 0x00000000d2f00000, 0x00000000d2f00000| Untracked 
|  30|0x00000000d3000000, 0x00000000d3000000, 0x00000000d3100000|  0%| F|  |TAMS 0x00000000d3000000, 0x00000000d3000000| Untracked 
|  31|0x00000000d3100000, 0x00000000d3100000, 0x00000000d3200000|  0%| F|  |TAMS 0x00000000d3100000, 0x00000000d3100000| Untracked 
|  32|0x00000000d3200000, 0x00000000d3200000, 0x00000000d3300000|  0%| F|  |TAMS 0x00000000d3200000, 0x00000000d3200000| Untracked 
|  33|0x00000000d3300000, 0x00000000d3300000, 0x00000000d3400000|  0%| F|  |TAMS 0x00000000d3300000, 0x00000000d3300000| Untracked 
|  34|0x00000000d3400000, 0x00000000d3400000, 0x00000000d3500000|  0%| F|  |TAMS 0x00000000d3400000, 0x00000000d3400000| Untracked 
|  35|0x00000000d3500000, 0x00000000d3500000, 0x00000000d3600000|  0%| F|  |TAMS 0x00000000d3500000, 0x00000000d3500000| Untracked 
|  36|0x00000000d3600000, 0x00000000d3600000, 0x00000000d3700000|  0%| F|  |TAMS 0x00000000d3600000, 0x00000000d3600000| Untracked 
|  37|0x00000000d3700000, 0x00000000d3700000, 0x00000000d3800000|  0%| F|  |TAMS 0x00000000d3700000, 0x00000000d3700000| Untracked 
|  38|0x00000000d3800000, 0x00000000d3800000, 0x00000000d3900000|  0%| F|  |TAMS 0x00000000d3800000, 0x00000000d3800000| Untracked 
|  39|0x00000000d3900000, 0x00000000d3900000, 0x00000000d3a00000|  0%| F|  |TAMS 0x00000000d3900000, 0x00000000d3900000| Untracked 
|  40|0x00000000d3a00000, 0x00000000d3a00000, 0x00000000d3b00000|  0%| F|  |TAMS 0x00000000d3a00000, 0x00000000d3a00000| Untracked 
|  41|0x00000000d3b00000, 0x00000000d3b00000, 0x00000000d3c00000|  0%| F|  |TAMS 0x00000000d3b00000, 0x00000000d3b00000| Untracked 
|  42|0x00000000d3c00000, 0x00000000d3c00000, 0x00000000d3d00000|  0%| F|  |TAMS 0x00000000d3c00000, 0x00000000d3c00000| Untracked 
|  43|0x00000000d3d00000, 0x00000000d3d00000, 0x00000000d3e00000|  0%| F|  |TAMS 0x00000000d3d00000, 0x00000000d3d00000| Untracked 
|  44|0x00000000d3e00000, 0x00000000d3e00000, 0x00000000d3f00000|  0%| F|  |TAMS 0x00000000d3e00000, 0x00000000d3e00000| Untracked 
|  45|0x00000000d3f00000, 0x00000000d3f00000, 0x00000000d4000000|  0%| F|  |TAMS 0x00000000d3f00000, 0x00000000d3f00000| Untracked 
|  46|0x00000000d4000000, 0x00000000d4000000, 0x00000000d4100000|  0%| F|  |TAMS 0x00000000d4000000, 0x00000000d4000000| Untracked 
|  47|0x00000000d4100000, 0x00000000d4100000, 0x00000000d4200000|  0%| F|  |TAMS 0x00000000d4100000, 0x00000000d4100000| Untracked 
|  48|0x00000000d4200000, 0x00000000d4200000, 0x00000000d4300000|  0%| F|  |TAMS 0x00000000d4200000, 0x00000000d4200000| Untracked 
|  49|0x00000000d4300000, 0x00000000d4300000, 0x00000000d4400000|  0%| F|  |TAMS 0x00000000d4300000, 0x00000000d4300000| Untracked 
|  50|0x00000000d4400000, 0x00000000d4400000, 0x00000000d4500000|  0%| F|  |TAMS 0x00000000d4400000, 0x00000000d4400000| Untracked 
|  51|0x00000000d4500000, 0x00000000d4500000, 0x00000000d4600000|  0%| F|  |TAMS 0x00000000d4500000, 0x00000000d4500000| Untracked 
|  52|0x00000000d4600000, 0x00000000d4600000, 0x00000000d4700000|  0%| F|  |TAMS 0x00000000d4600000, 0x00000000d4600000| Untracked 
|  53|0x00000000d4700000, 0x00000000d4700000, 0x00000000d4800000|  0%| F|  |TAMS 0x00000000d4700000, 0x00000000d4700000| Untracked 
|  54|0x00000000d4800000, 0x00000000d4800000, 0x00000000d4900000|  0%| F|  |TAMS 0x00000000d4800000, 0x00000000d4800000| Untracked 
|  55|0x00000000d4900000, 0x00000000d4900000, 0x00000000d4a00000|  0%| F|  |TAMS 0x00000000d4900000, 0x00000000d4900000| Untracked 
|  56|0x00000000d4a00000, 0x00000000d4a00000, 0x00000000d4b00000|  0%| F|  |TAMS 0x00000000d4a00000, 0x00000000d4a00000| Untracked 
|  57|0x00000000d4b00000, 0x00000000d4b00000, 0x00000000d4c00000|  0%| F|  |TAMS 0x00000000d4b00000, 0x00000000d4b00000| Untracked 
|  58|0x00000000d4c00000, 0x00000000d4c00000, 0x00000000d4d00000|  0%| F|  |TAMS 0x00000000d4c00000, 0x00000000d4c00000| Untracked 
|  59|0x00000000d4d00000, 0x00000000d4d00000, 0x00000000d4e00000|  0%| F|  |TAMS 0x00000000d4d00000, 0x00000000d4d00000| Untracked 
|  60|0x00000000d4e00000, 0x00000000d4e00000, 0x00000000d4f00000|  0%| F|  |TAMS 0x00000000d4e00000, 0x00000000d4e00000| Untracked 
|  61|0x00000000d4f00000, 0x00000000d4f00000, 0x00000000d5000000|  0%| F|  |TAMS 0x00000000d4f00000, 0x00000000d4f00000| Untracked 
|  62|0x00000000d5000000, 0x00000000d5000000, 0x00000000d5100000|  0%| F|  |TAMS 0x00000000d5000000, 0x00000000d5000000| Untracked 
|  63|0x00000000d5100000, 0x00000000d5100000, 0x00000000d5200000|  0%| F|  |TAMS 0x00000000d5100000, 0x00000000d5100000| Untracked 
|  64|0x00000000d5200000, 0x00000000d5200000, 0x00000000d5300000|  0%| F|  |TAMS 0x00000000d5200000, 0x00000000d5200000| Untracked 
|  65|0x00000000d5300000, 0x00000000d5300000, 0x00000000d5400000|  0%| F|  |TAMS 0x00000000d5300000, 0x00000000d5300000| Untracked 
|  66|0x00000000d5400000, 0x00000000d5400000, 0x00000000d5500000|  0%| F|  |TAMS 0x00000000d5400000, 0x00000000d5400000| Untracked 
|  67|0x00000000d5500000, 0x00000000d5500000, 0x00000000d5600000|  0%| F|  |TAMS 0x00000000d5500000, 0x00000000d5500000| Untracked 
|  68|0x00000000d5600000, 0x00000000d5600000, 0x00000000d5700000|  0%| F|  |TAMS 0x00000000d5600000, 0x00000000d5600000| Untracked 
|  69|0x00000000d5700000, 0x00000000d5700000, 0x00000000d5800000|  0%| F|  |TAMS 0x00000000d5700000, 0x00000000d5700000| Untracked 
|  70|0x00000000d5800000, 0x00000000d5800000, 0x00000000d5900000|  0%| F|  |TAMS 0x00000000d5800000, 0x00000000d5800000| Untracked 
|  71|0x00000000d5900000, 0x00000000d5900000, 0x00000000d5a00000|  0%| F|  |TAMS 0x00000000d5900000, 0x00000000d5900000| Untracked 
|  72|0x00000000d5a00000, 0x00000000d5a00000, 0x00000000d5b00000|  0%| F|  |TAMS 0x00000000d5a00000, 0x00000000d5a00000| Untracked 
|  73|0x00000000d5b00000, 0x00000000d5b00000, 0x00000000d5c00000|  0%| F|  |TAMS 0x00000000d5b00000, 0x00000000d5b00000| Untracked 
|  74|0x00000000d5c00000, 0x00000000d5c00000, 0x00000000d5d00000|  0%| F|  |TAMS 0x00000000d5c00000, 0x00000000d5c00000| Untracked 
|  75|0x00000000d5d00000, 0x00000000d5d00000, 0x00000000d5e00000|  0%| F|  |TAMS 0x00000000d5d00000, 0x00000000d5d00000| Untracked 
|  76|0x00000000d5e00000, 0x00000000d5e00000, 0x00000000d5f00000|  0%| F|  |TAMS 0x00000000d5e00000, 0x00000000d5e00000| Untracked 
|  77|0x00000000d5f00000, 0x00000000d5f00000, 0x00000000d6000000|  0%| F|  |TAMS 0x00000000d5f00000, 0x00000000d5f00000| Untracked 
|  78|0x00000000d6000000, 0x00000000d6000000, 0x00000000d6100000|  0%| F|  |TAMS 0x00000000d6000000, 0x00000000d6000000| Untracked 
|  79|0x00000000d6100000, 0x00000000d6100000, 0x00000000d6200000|  0%| F|  |TAMS 0x00000000d6100000, 0x00000000d6100000| Untracked 
|  80|0x00000000d6200000, 0x00000000d6200000, 0x00000000d6300000|  0%| F|  |TAMS 0x00000000d6200000, 0x00000000d6200000| Untracked 
|  81|0x00000000d6300000, 0x00000000d6300000, 0x00000000d6400000|  0%| F|  |TAMS 0x00000000d6300000, 0x00000000d6300000| Untracked 
|  82|0x00000000d6400000, 0x00000000d6400000, 0x00000000d6500000|  0%| F|  |TAMS 0x00000000d6400000, 0x00000000d6400000| Untracked 
|  83|0x00000000d6500000, 0x00000000d6500000, 0x00000000d6600000|  0%| F|  |TAMS 0x00000000d6500000, 0x00000000d6500000| Untracked 
|  84|0x00000000d6600000, 0x00000000d6600000, 0x00000000d6700000|  0%| F|  |TAMS 0x00000000d6600000, 0x00000000d6600000| Untracked 
|  85|0x00000000d6700000, 0x00000000d6700000, 0x00000000d6800000|  0%| F|  |TAMS 0x00000000d6700000, 0x00000000d6700000| Untracked 
|  86|0x00000000d6800000, 0x00000000d6800000, 0x00000000d6900000|  0%| F|  |TAMS 0x00000000d6800000, 0x00000000d6800000| Untracked 
|  87|0x00000000d6900000, 0x00000000d6900000, 0x00000000d6a00000|  0%| F|  |TAMS 0x00000000d6900000, 0x00000000d6900000| Untracked 
|  88|0x00000000d6a00000, 0x00000000d6a00000, 0x00000000d6b00000|  0%| F|  |TAMS 0x00000000d6a00000, 0x00000000d6a00000| Untracked 
|  89|0x00000000d6b00000, 0x00000000d6b00000, 0x00000000d6c00000|  0%| F|  |TAMS 0x00000000d6b00000, 0x00000000d6b00000| Untracked 
|  90|0x00000000d6c00000, 0x00000000d6c00000, 0x00000000d6d00000|  0%| F|  |TAMS 0x00000000d6c00000, 0x00000000d6c00000| Untracked 
|  91|0x00000000d6d00000, 0x00000000d6d00000, 0x00000000d6e00000|  0%| F|  |TAMS 0x00000000d6d00000, 0x00000000d6d00000| Untracked 
|  92|0x00000000d6e00000, 0x00000000d6e00000, 0x00000000d6f00000|  0%| F|  |TAMS 0x00000000d6e00000, 0x00000000d6e00000| Untracked 
|  93|0x00000000d6f00000, 0x00000000d6f00000, 0x00000000d7000000|  0%| F|  |TAMS 0x00000000d6f00000, 0x00000000d6f00000| Untracked 
|  94|0x00000000d7000000, 0x00000000d7000000, 0x00000000d7100000|  0%| F|  |TAMS 0x00000000d7000000, 0x00000000d7000000| Untracked 
|  95|0x00000000d7100000, 0x00000000d7100000, 0x00000000d7200000|  0%| F|  |TAMS 0x00000000d7100000, 0x00000000d7100000| Untracked 
|  96|0x00000000d7200000, 0x00000000d7200000, 0x00000000d7300000|  0%| F|  |TAMS 0x00000000d7200000, 0x00000000d7200000| Untracked 
|  97|0x00000000d7300000, 0x00000000d7300000, 0x00000000d7400000|  0%| F|  |TAMS 0x00000000d7300000, 0x00000000d7300000| Untracked 
|  98|0x00000000d7400000, 0x00000000d7400000, 0x00000000d7500000|  0%| F|  |TAMS 0x00000000d7400000, 0x00000000d7400000| Untracked 
|  99|0x00000000d7500000, 0x00000000d7500000, 0x00000000d7600000|  0%| F|  |TAMS 0x00000000d7500000, 0x00000000d7500000| Untracked 
| 100|0x00000000d7600000, 0x00000000d7600000, 0x00000000d7700000|  0%| F|  |TAMS 0x00000000d7600000, 0x00000000d7600000| Untracked 
| 101|0x00000000d7700000, 0x00000000d7700000, 0x00000000d7800000|  0%| F|  |TAMS 0x00000000d7700000, 0x00000000d7700000| Untracked 
| 102|0x00000000d7800000, 0x00000000d7800000, 0x00000000d7900000|  0%| F|  |TAMS 0x00000000d7800000, 0x00000000d7800000| Untracked 
| 103|0x00000000d7900000, 0x00000000d7900000, 0x00000000d7a00000|  0%| F|  |TAMS 0x00000000d7900000, 0x00000000d7900000| Untracked 
| 104|0x00000000d7a00000, 0x00000000d7a00000, 0x00000000d7b00000|  0%| F|  |TAMS 0x00000000d7a00000, 0x00000000d7a00000| Untracked 
| 105|0x00000000d7b00000, 0x00000000d7b00000, 0x00000000d7c00000|  0%| F|  |TAMS 0x00000000d7b00000, 0x00000000d7b00000| Untracked 
| 106|0x00000000d7c00000, 0x00000000d7cbfac0, 0x00000000d7d00000| 74%| S|CS|TAMS 0x00000000d7c00000, 0x00000000d7c00000| Complete 
| 107|0x00000000d7d00000, 0x00000000d7d75dc8, 0x00000000d7e00000| 46%| E|  |TAMS 0x00000000d7d00000, 0x00000000d7d00000| Complete 
| 108|0x00000000d7e00000, 0x00000000d7f00000, 0x00000000d7f00000|100%| E|CS|TAMS 0x00000000d7e00000, 0x00000000d7e00000| Complete 
| 109|0x00000000d7f00000, 0x00000000d8000000, 0x00000000d8000000|100%| E|CS|TAMS 0x00000000d7f00000, 0x00000000d7f00000| Complete 
| 110|0x00000000d8000000, 0x00000000d8100000, 0x00000000d8100000|100%| E|CS|TAMS 0x00000000d8000000, 0x00000000d8000000| Complete 
| 111|0x00000000d8100000, 0x00000000d8200000, 0x00000000d8200000|100%| E|CS|TAMS 0x00000000d8100000, 0x00000000d8100000| Complete 
| 112|0x00000000d8200000, 0x00000000d8300000, 0x00000000d8300000|100%| E|CS|TAMS 0x00000000d8200000, 0x00000000d8200000| Complete 
| 113|0x00000000d8300000, 0x00000000d8400000, 0x00000000d8400000|100%| E|CS|TAMS 0x00000000d8300000, 0x00000000d8300000| Complete 
| 114|0x00000000d8400000, 0x00000000d8500000, 0x00000000d8500000|100%| E|CS|TAMS 0x00000000d8400000, 0x00000000d8400000| Complete 
| 115|0x00000000d8500000, 0x00000000d8600000, 0x00000000d8600000|100%| E|CS|TAMS 0x00000000d8500000, 0x00000000d8500000| Complete 
| 116|0x00000000d8600000, 0x00000000d8700000, 0x00000000d8700000|100%| E|CS|TAMS 0x00000000d8600000, 0x00000000d8600000| Complete 
| 117|0x00000000d8700000, 0x00000000d8800000, 0x00000000d8800000|100%| E|CS|TAMS 0x00000000d8700000, 0x00000000d8700000| Complete 
| 118|0x00000000d8800000, 0x00000000d8900000, 0x00000000d8900000|100%| E|CS|TAMS 0x00000000d8800000, 0x00000000d8800000| Complete 
| 119|0x00000000d8900000, 0x00000000d8a00000, 0x00000000d8a00000|100%| E|CS|TAMS 0x00000000d8900000, 0x00000000d8900000| Complete 
| 120|0x00000000d8a00000, 0x00000000d8b00000, 0x00000000d8b00000|100%| E|CS|TAMS 0x00000000d8a00000, 0x00000000d8a00000| Complete 
| 121|0x00000000d8b00000, 0x00000000d8c00000, 0x00000000d8c00000|100%| E|CS|TAMS 0x00000000d8b00000, 0x00000000d8b00000| Complete 
| 122|0x00000000d8c00000, 0x00000000d8d00000, 0x00000000d8d00000|100%| E|CS|TAMS 0x00000000d8c00000, 0x00000000d8c00000| Complete 
| 123|0x00000000d8d00000, 0x00000000d8e00000, 0x00000000d8e00000|100%| E|CS|TAMS 0x00000000d8d00000, 0x00000000d8d00000| Complete 
| 124|0x00000000d8e00000, 0x00000000d8f00000, 0x00000000d8f00000|100%| E|CS|TAMS 0x00000000d8e00000, 0x00000000d8e00000| Complete 
| 125|0x00000000d8f00000, 0x00000000d9000000, 0x00000000d9000000|100%| E|CS|TAMS 0x00000000d8f00000, 0x00000000d8f00000| Complete 
| 126|0x00000000d9000000, 0x00000000d9100000, 0x00000000d9100000|100%| E|CS|TAMS 0x00000000d9000000, 0x00000000d9000000| Complete 
| 127|0x00000000d9100000, 0x00000000d9200000, 0x00000000d9200000|100%| E|CS|TAMS 0x00000000d9100000, 0x00000000d9100000| Complete 

Card table byte_map: [0x00000299d6980000,0x00000299d6b00000] _byte_map_base: 0x00000299d62f7000

Marking Bits (Prev, Next): (CMBitMap*) 0x00000299c3da4a48, (CMBitMap*) 0x00000299c3da4a80
 Prev Bits: [0x00000299d6c80000, 0x00000299d7838000)
 Next Bits: [0x00000299d7840000, 0x00000299d83f8000)

Polling page: 0x00000299c1b20000

Metaspace:

Usage:
  Non-class:     13.57 MB capacity,    13.20 MB ( 97%) used,   339.49 KB (  2%) free+waste,    41.81 KB ( <1%) overhead. 
      Class:      1.61 MB capacity,     1.42 MB ( 89%) used,   165.26 KB ( 10%) free+waste,    19.94 KB (  1%) overhead. 
       Both:     15.18 MB capacity,    14.62 MB ( 96%) used,   504.75 KB (  3%) free+waste,    61.75 KB ( <1%) overhead. 

Virtual space:
  Non-class space:       14.00 MB reserved,      13.75 MB ( 98%) committed 
      Class space:        1.00 GB reserved,       1.63 MB ( <1%) committed 
             Both:        1.01 GB reserved,      15.38 MB (  1%) committed 

Chunk freelists:
   Non-Class:  56.00 KB
       Class:  0 bytes
        Both:  56.00 KB

MaxMetaspaceSize: 17179869184.00 GB
CompressedClassSpaceSize: 1.00 GB

CodeHeap 'non-profiled nmethods': size=120064Kb used=765Kb max_used=900Kb free=119299Kb
 bounds [0x00000299cf440000, 0x00000299cf6b0000, 0x00000299d6980000]
CodeHeap 'profiled nmethods': size=120000Kb used=3921Kb max_used=4104Kb free=116078Kb
 bounds [0x00000299c7f10000, 0x00000299c8320000, 0x00000299cf440000]
CodeHeap 'non-nmethods': size=5696Kb used=1113Kb max_used=1184Kb free=4582Kb
 bounds [0x00000299c7980000, 0x00000299c7bf0000, 0x00000299c7f10000]
 total_blobs=2305 nmethods=1867 adapters=350
 compilation: enabled
              stopped_count=0, restarted_count=0
 full_count=0

Compilation events (20 events):
Event: 3001.414 Thread 0x00000299daa0b000 2080       1       java.net.InetAddress$InetAddressHolder::getHostName (5 bytes)
Event: 3001.415 Thread 0x00000299daa0b000 nmethod 2080 0x00000299cf513010 code [0x00000299cf5131c0, 0x00000299cf513278]
Event: 3001.415 Thread 0x00000299daa0b000 2081       1       java.net.Proxy::type (5 bytes)
Event: 3001.415 Thread 0x00000299daa0b000 nmethod 2081 0x00000299cf512d10 code [0x00000299cf512ec0, 0x00000299cf512f78]
Event: 3001.417 Thread 0x00000299daa0b000 2082       1       sun.rmi.transport.tcp.TCPEndpoint::getHost (5 bytes)
Event: 3001.417 Thread 0x00000299daa0b000 nmethod 2082 0x00000299cf512a10 code [0x00000299cf512bc0, 0x00000299cf512c78]
Event: 3161.582 Thread 0x00000299daa08800 2083   !   4       java.net.Socket::isClosed (19 bytes)
Event: 3161.584 Thread 0x00000299daa08800 nmethod 2083 0x00000299cf512590 code [0x00000299cf512720, 0x00000299cf512958]
Event: 3305.484 Thread 0x00000299daa0b000 2084   !   3       java.io.ObjectInputStream::filterCheck (223 bytes)
Event: 3305.491 Thread 0x00000299daa0b000 nmethod 2084 0x00000299c803b510 code [0x00000299c803b800, 0x00000299c803c668]
Event: 3321.681 Thread 0x00000299daa08800 2085       4       java.util.Arrays::rangeCheck (74 bytes)
Event: 3321.683 Thread 0x00000299daa08800 nmethod 2085 0x00000299cf512290 code [0x00000299cf512420, 0x00000299cf5124b8]
Event: 3381.708 Thread 0x00000299daa0b000 2087       3       java.util.ImmutableCollections$AbstractImmutableList::iterator (13 bytes)
Event: 3381.710 Thread 0x00000299daa0b000 nmethod 2087 0x00000299c7fdd110 code [0x00000299c7fdd2e0, 0x00000299c7fdd628]
Event: 3381.710 Thread 0x00000299daa0b000 2088       3       java.util.ImmutableCollections$ListItr::<init> (25 bytes)
Event: 3381.711 Thread 0x00000299daa0b000 nmethod 2088 0x00000299c7f8bb10 code [0x00000299c7f8bcc0, 0x00000299c7f8be98]
Event: 3556.818 Thread 0x00000299daa0b000 2089       3       java.util.ArrayList::rangeCheckForAdd (26 bytes)
Event: 3556.819 Thread 0x00000299daa0b000 nmethod 2089 0x00000299c7fea010 code [0x00000299c7fea260, 0x00000299c7fea888]
Event: 3561.814 Thread 0x00000299daa08800 2090  s    4       java.io.BufferedOutputStream::flush (12 bytes)
Event: 3561.846 Thread 0x00000299daa08800 nmethod 2090 0x00000299cf510e90 code [0x00000299cf511060, 0x00000299cf5119d8]

GC Heap History (6 events):
Event: 1.837 GC heap before
{Heap before GC invocations=0 (full 0):
 garbage-first heap   total 131072K, used 14336K [0x00000000d1200000, 0x0000000100000000)
  region size 1024K, 14 young (14336K), 0 survivors (0K)
 Metaspace       used 13077K, capacity 13480K, committed 13568K, reserved 1060864K
  class space    used 1339K, capacity 1506K, committed 1536K, reserved 1048576K
}
Event: 1.847 GC heap after
{Heap after GC invocations=1 (full 0):
 garbage-first heap   total 131072K, used 3606K [0x00000000d1200000, 0x0000000100000000)
  region size 1024K, 2 young (2048K), 2 survivors (2048K)
 Metaspace       used 13077K, capacity 13480K, committed 13568K, reserved 1060864K
  class space    used 1339K, capacity 1506K, committed 1536K, reserved 1048576K
}
Event: 2.085 GC heap before
{Heap before GC invocations=1 (full 0):
 garbage-first heap   total 131072K, used 7702K [0x00000000d1200000, 0x0000000100000000)
  region size 1024K, 6 young (6144K), 2 survivors (2048K)
 Metaspace       used 13824K, capacity 14301K, committed 14464K, reserved 1062912K
  class space    used 1397K, capacity 1578K, committed 1664K, reserved 1048576K
}
Event: 2.090 GC heap after
{Heap after GC invocations=2 (full 0):
 garbage-first heap   total 131072K, used 4272K [0x00000000d1200000, 0x0000000100000000)
  region size 1024K, 1 young (1024K), 1 survivors (1024K)
 Metaspace       used 13824K, capacity 14301K, committed 14464K, reserved 1062912K
  class space    used 1397K, capacity 1578K, committed 1664K, reserved 1048576K
}
Event: 4.370 GC heap before
{Heap before GC invocations=2 (full 0):
 garbage-first heap   total 131072K, used 24752K [0x00000000d1200000, 0x0000000100000000)
  region size 1024K, 21 young (21504K), 1 survivors (1024K)
 Metaspace       used 14723K, capacity 15216K, committed 15488K, reserved 1062912K
  class space    used 1455K, capacity 1644K, committed 1664K, reserved 1048576K
}
Event: 4.380 GC heap after
{Heap after GC invocations=3 (full 0):
 garbage-first heap   total 131072K, used 4558K [0x00000000d1200000, 0x0000000100000000)
  region size 1024K, 1 young (1024K), 1 survivors (1024K)
 Metaspace       used 14723K, capacity 15216K, committed 15488K, reserved 1062912K
  class space    used 1455K, capacity 1644K, committed 1664K, reserved 1048576K
}

Deoptimization events (20 events):
Event: 301.404 Thread 0x00000299dba36800 Uncommon trap: trap_request=0xffffffde fr.pc=0x00000299cf50bafc relative=0x000000000000615c
Event: 301.404 Thread 0x00000299dba36800 Uncommon trap: reason=class_check action=maybe_recompile pc=0x00000299cf50bafc method=java.io.ObjectInputStream.filterCheck(Ljava/lang/Class;I)V @ 53 c2
Event: 301.404 Thread 0x00000299dba36800 DEOPT PACKING pc=0x00000299cf50bafc sp=0x000000e388afcd70
Event: 301.405 Thread 0x00000299dba36800 DEOPT UNPACKING pc=0x00000299c79a74af sp=0x000000e388afcb80 mode 2
Event: 301.405 Thread 0x00000299dba36800 Uncommon trap: trap_request=0xffffffde fr.pc=0x00000299cf4f410c relative=0x00000000000048ac
Event: 301.405 Thread 0x00000299dba36800 Uncommon trap: reason=class_check action=maybe_recompile pc=0x00000299cf4f410c method=java.io.ObjectInputStream.filterCheck(Ljava/lang/Class;I)V @ 53 c2
Event: 301.405 Thread 0x00000299dba36800 DEOPT PACKING pc=0x00000299cf4f410c sp=0x000000e388afc800
Event: 301.405 Thread 0x00000299dba36800 DEOPT UNPACKING pc=0x00000299c79a74af sp=0x000000e388afc738 mode 2
Event: 301.405 Thread 0x00000299dba36800 Uncommon trap: trap_request=0xffffffde fr.pc=0x00000299cf504844 relative=0x0000000000000204
Event: 301.405 Thread 0x00000299dba36800 Uncommon trap: reason=class_check action=maybe_recompile pc=0x00000299cf504844 method=java.io.ObjectInputStream.filterCheck(Ljava/lang/Class;I)V @ 53 c2
Event: 301.405 Thread 0x00000299dba36800 DEOPT PACKING pc=0x00000299cf504844 sp=0x000000e388afc8c0
Event: 301.405 Thread 0x00000299dba36800 DEOPT UNPACKING pc=0x00000299c79a74af sp=0x000000e388afc858 mode 2
Event: 301.405 Thread 0x00000299dba36800 Uncommon trap: trap_request=0xffffffde fr.pc=0x00000299cf50bafc relative=0x000000000000615c
Event: 301.405 Thread 0x00000299dba36800 Uncommon trap: reason=class_check action=maybe_recompile pc=0x00000299cf50bafc method=java.io.ObjectInputStream.filterCheck(Ljava/lang/Class;I)V @ 53 c2
Event: 301.405 Thread 0x00000299dba36800 DEOPT PACKING pc=0x00000299cf50bafc sp=0x000000e388afca00
Event: 301.405 Thread 0x00000299dba36800 DEOPT UNPACKING pc=0x00000299c79a74af sp=0x000000e388afc810 mode 2
Event: 601.404 Thread 0x00000299dba36800 Uncommon trap: trap_request=0xffffffde fr.pc=0x00000299cf4f410c relative=0x00000000000048ac
Event: 601.404 Thread 0x00000299dba36800 Uncommon trap: reason=class_check action=maybe_recompile pc=0x00000299cf4f410c method=java.io.ObjectInputStream.filterCheck(Ljava/lang/Class;I)V @ 53 c2
Event: 601.404 Thread 0x00000299dba36800 DEOPT PACKING pc=0x00000299cf4f410c sp=0x000000e388afcf30
Event: 601.404 Thread 0x00000299dba36800 DEOPT UNPACKING pc=0x00000299c79a74af sp=0x000000e388afce68 mode 2

Classes redefined (0 events):
No events

Internal exceptions (20 events):
Event: 1.227 Thread 0x00000299db87d800 Exception <a 'java/lang/NoSuchMethodError'{0x00000000d8cf3698}: 'java.lang.Object java.lang.invoke.DelegatingMethodHandle$Holder.reinvoke_L(java.lang.Object, int, java.lang.Object)'> (0x00000000d8cf3698) thrown at [./src/hotspot/share/interpreter/linkResolver.cpp, line 773]
Event: 1.307 Thread 0x00000299db8c3000 Exception <a 'java/lang/NoSuchMethodError'{0x00000000d8bb3208}: <clinit>> (0x00000000d8bb3208) thrown at [./src/hotspot/share/prims/jni.cpp, line 1362]
Event: 1.341 Thread 0x00000299db87e800 Exception <a 'java/lang/NoSuchMethodError'{0x00000000d8aa3030}: 'java.lang.Object java.lang.invoke.DirectMethodHandle$Holder.invokeStatic(java.lang.Object, java.lang.Object, java.lang.Object, java.lang.Object, java.lang.Object, java.lang.Object, java.lang.Object, java.lang.Object, java.lang.Object, java.lang.Object, java.lang.Object, java.lang.Object, java.lang.Object, java.lang.Object, java.lang.Object)'> (0x00000000d8aa3030) thrown at [./src/hotspot/share/interpreter/linkResolver.cpp, line 773]
Event: 1.344 Thread 0x00000299db87e800 Exception <a 'java/lang/NoSuchMethodError'{0x00000000d8ab0e78}: 'java.lang.Object java.lang.invoke.DirectMethodHandle$Holder.invokeStatic(java.lang.Object, java.lang.Object, java.lang.Object, java.lang.Object, java.lang.Object, java.lang.Object, java.lang.Object, java.lang.Object, java.lang.Object, java.lang.Object, java.lang.Object, java.lang.Object, java.lang.Object, java.lang.Object, java.lang.Object, java.lang.Object)'> (0x00000000d8ab0e78) thrown at [./src/hotspot/share/interpreter/linkResolver.cpp, l
Event: 1.346 Thread 0x00000299db87e800 Exception <a 'java/lang/NoSuchMethodError'{0x00000000d8abee68}: 'java.lang.Object java.lang.invoke.DirectMethodHandle$Holder.invokeSpecial(java.lang.Object, java.lang.Object, int, int, java.lang.Object, int, java.lang.Object, java.lang.Object)'> (0x00000000d8abee68) thrown at [./src/hotspot/share/interpreter/linkResolver.cpp, line 773]
Event: 1.347 Thread 0x00000299db87e800 Exception <a 'java/lang/NoSuchMethodError'{0x00000000d8ac24a8}: 'java.lang.Object java.lang.invoke.DelegatingMethodHandle$Holder.reinvoke_L(java.lang.Object, int, int, java.lang.Object, int, java.lang.Object, java.lang.Object)'> (0x00000000d8ac24a8) thrown at [./src/hotspot/share/interpreter/linkResolver.cpp, line 773]
Event: 1.363 Thread 0x00000299db87e800 Exception <a 'java/lang/NoSuchMethodError'{0x00000000d8916170}: 'java.lang.Object java.lang.invoke.DirectMethodHandle$Holder.invokeStatic(java.lang.Object, java.lang.Object, java.lang.Object, java.lang.Object, java.lang.Object, java.lang.Object, java.lang.Object, java.lang.Object, int)'> (0x00000000d8916170) thrown at [./src/hotspot/share/interpreter/linkResolver.cpp, line 773]
Event: 1.368 Thread 0x00000299db87e800 Exception <a 'java/lang/NoSuchMethodError'{0x00000000d89306a8}: 'java.lang.Object java.lang.invoke.DirectMethodHandle$Holder.invokeStatic(java.lang.Object, java.lang.Object, java.lang.Object, java.lang.Object, java.lang.Object, java.lang.Object, java.lang.Object, java.lang.Object, int, int)'> (0x00000000d89306a8) thrown at [./src/hotspot/share/interpreter/linkResolver.cpp, line 773]
Event: 1.376 Thread 0x00000299db87e800 Exception <a 'java/lang/NoSuchMethodError'{0x00000000d894be50}: 'java.lang.Object java.lang.invoke.DirectMethodHandle$Holder.invokeStatic(java.lang.Object, java.lang.Object, java.lang.Object, java.lang.Object, java.lang.Object, java.lang.Object, java.lang.Object, java.lang.Object, int, int, java.lang.Object)'> (0x00000000d894be50) thrown at [./src/hotspot/share/interpreter/linkResolver.cpp, line 773]
Event: 1.388 Thread 0x00000299db87e800 Exception <a 'java/lang/NoSuchMethodError'{0x00000000d8968730}: 'java.lang.Object java.lang.invoke.DirectMethodHandle$Holder.invokeStatic(java.lang.Object, java.lang.Object, java.lang.Object, java.lang.Object, java.lang.Object, java.lang.Object, java.lang.Object, java.lang.Object, int, int, java.lang.Object, java.lang.Object)'> (0x00000000d8968730) thrown at [./src/hotspot/share/interpreter/linkResolver.cpp, line 773]
Event: 1.410 Thread 0x00000299db87e800 Exception <a 'java/lang/NoSuchMethodError'{0x00000000d89e8eb0}: <clinit>> (0x00000000d89e8eb0) thrown at [./src/hotspot/share/prims/jni.cpp, line 1362]
Event: 1.428 Thread 0x00000299dba36800 Exception <a 'java/lang/InterruptedException'{0x00000000d8800000}> (0x00000000d8800000) thrown at [./src/hotspot/share/runtime/objectMonitor.cpp, line 1635]
Event: 1.438 Thread 0x00000299dba36800 Exception <a 'java/lang/NoSuchMethodError'{0x00000000d8808088}: 'java.lang.Object java.lang.invoke.DirectMethodHandle$Holder.invokeStatic(java.lang.Object, java.lang.Object, int, java.lang.Object, long)'> (0x00000000d8808088) thrown at [./src/hotspot/share/interpreter/linkResolver.cpp, line 773]
Event: 1.600 Thread 0x00000299db8c3000 Exception <a 'java/lang/NoSuchMethodError'{0x00000000d864a4e8}: 'int java.lang.invoke.DirectMethodHandle$Holder.invokeSpecialIFC(java.lang.Object, java.lang.Object, int)'> (0x00000000d864a4e8) thrown at [./src/hotspot/share/interpreter/linkResolver.cpp, line 773]
Event: 1.958 Thread 0x00000299db8c3000 Exception <a 'java/lang/NoSuchMethodError'{0x00000000d90ca4c8}: <clinit>> (0x00000000d90ca4c8) thrown at [./src/hotspot/share/prims/jni.cpp, line 1362]
Event: 1.961 Thread 0x00000299db8c3000 Exception <a 'java/lang/NoSuchMethodError'{0x00000000d90d6e70}: <clinit>> (0x00000000d90d6e70) thrown at [./src/hotspot/share/prims/jni.cpp, line 1362]
Event: 2.104 Thread 0x00000299db8c3000 Exception <a 'java/lang/NoSuchMethodError'{0x00000000d916c108}: <clinit>> (0x00000000d916c108) thrown at [./src/hotspot/share/prims/jni.cpp, line 1362]
Event: 2.107 Thread 0x00000299db8c3000 Exception <a 'java/lang/NoSuchMethodError'{0x00000000d917b228}: <clinit>> (0x00000000d917b228) thrown at [./src/hotspot/share/prims/jni.cpp, line 1362]
Event: 2.108 Thread 0x00000299db8c3000 Exception <a 'java/lang/NoSuchMethodError'{0x00000000d91861c0}: <clinit>> (0x00000000d91861c0) thrown at [./src/hotspot/share/prims/jni.cpp, line 1362]
Event: 2.145 Thread 0x00000299db8c3000 Exception <a 'java/lang/NoSuchMethodError'{0x00000000d904c2d8}: <clinit>> (0x00000000d904c2d8) thrown at [./src/hotspot/share/prims/jni.cpp, line 1362]

Events (20 events):
Event: 3576.816 Executing VM operation: RevokeBias done
Event: 3576.816 Executing VM operation: RevokeBias
Event: 3576.816 Executing VM operation: RevokeBias done
Event: 3576.816 Executing VM operation: BulkRevokeBias
Event: 3576.817 Executing VM operation: BulkRevokeBias done
Event: 3596.817 Executing VM operation: RevokeBias
Event: 3596.817 Executing VM operation: RevokeBias done
Event: 3596.817 Executing VM operation: RevokeBias
Event: 3596.817 Executing VM operation: RevokeBias done
Event: 3596.817 Executing VM operation: RevokeBias
Event: 3596.817 Executing VM operation: RevokeBias done
Event: 3596.817 Executing VM operation: RevokeBias
Event: 3596.817 Executing VM operation: RevokeBias done
Event: 3601.816 Executing VM operation: RevokeBias
Event: 3601.816 Executing VM operation: RevokeBias done
Event: 3601.816 Executing VM operation: RevokeBias
Event: 3601.816 Executing VM operation: RevokeBias done
Event: 3601.816 Executing VM operation: RevokeBias
Event: 3601.816 Executing VM operation: RevokeBias done
Event: 3604.709 Executing VM operation: G1CollectFull


Dynamic libraries:
0x00007ff674c70000 - 0x00007ff674c7a000 	C:\Program Files\JetBrains\PyCharm 2020.3.1\jbr\bin\java.exe
0x00007ff831040000 - 0x00007ff831230000 	C:\WINDOWS\SYSTEM32\ntdll.dll
0x00007ff830120000 - 0x00007ff8301d2000 	C:\WINDOWS\System32\KERNEL32.DLL
0x00007ff82e0e0000 - 0x00007ff82e385000 	C:\WINDOWS\System32\KERNELBASE.dll
0x00007ff82edd0000 - 0x00007ff82eeca000 	C:\WINDOWS\System32\ucrtbase.dll
0x00007ff82b950000 - 0x00007ff82b969000 	C:\Program Files\JetBrains\PyCharm 2020.3.1\jbr\bin\jli.dll
0x00007ff82b930000 - 0x00007ff82b947000 	C:\Program Files\JetBrains\PyCharm 2020.3.1\jbr\bin\VCRUNTIME140.dll
0x00007ff830970000 - 0x00007ff830b04000 	C:\WINDOWS\System32\USER32.dll
0x00007ff82ec60000 - 0x00007ff82ec81000 	C:\WINDOWS\System32\win32u.dll
0x00007ff818a10000 - 0x00007ff818c94000 	C:\WINDOWS\WinSxS\amd64_microsoft.windows.common-controls_6595b64144ccf1df_6.0.18362.1316_none_9e7a364fe461dbd7\COMCTL32.dll
0x00007ff830c90000 - 0x00007ff830cb6000 	C:\WINDOWS\System32\GDI32.dll
0x00007ff82eed0000 - 0x00007ff82f068000 	C:\WINDOWS\System32\gdi32full.dll
0x00007ff830b10000 - 0x00007ff830bae000 	C:\WINDOWS\System32\msvcrt.dll
0x00007ff82e040000 - 0x00007ff82e0de000 	C:\WINDOWS\System32\msvcp_win.dll
0x00007ff830cc0000 - 0x00007ff830ff7000 	C:\WINDOWS\System32\combase.dll
0x00007ff8301e0000 - 0x00007ff8302ff000 	C:\WINDOWS\System32\RPCRT4.dll
0x00007ff82ed40000 - 0x00007ff82edc1000 	C:\WINDOWS\System32\bcryptPrimitives.dll
0x00007ff82f860000 - 0x00007ff82f88e000 	C:\WINDOWS\System32\IMM32.DLL
0x00007ff827a00000 - 0x00007ff827a9d000 	C:\Program Files\JetBrains\PyCharm 2020.3.1\jbr\bin\msvcp140.dll
0x00007ff802a40000 - 0x00007ff80350e000 	C:\Program Files\JetBrains\PyCharm 2020.3.1\jbr\bin\server\jvm.dll
0x00007ff82f420000 - 0x00007ff82f4c3000 	C:\WINDOWS\System32\ADVAPI32.dll
0x00007ff830800000 - 0x00007ff830897000 	C:\WINDOWS\System32\sechost.dll
0x00007ff81c730000 - 0x00007ff81c739000 	C:\WINDOWS\SYSTEM32\WSOCK32.dll
0x00007ff82b220000 - 0x00007ff82b244000 	C:\WINDOWS\SYSTEM32\WINMM.dll
0x00007ff830300000 - 0x00007ff830308000 	C:\WINDOWS\System32\PSAPI.DLL
0x00007ff8232b0000 - 0x00007ff8232ba000 	C:\WINDOWS\SYSTEM32\VERSION.dll
0x00007ff82b1f0000 - 0x00007ff82b21d000 	C:\WINDOWS\SYSTEM32\WINMMBASE.dll
0x00007ff82f070000 - 0x00007ff82f0ba000 	C:\WINDOWS\System32\cfgmgr32.dll
0x00000299c34e0000 - 0x00000299c354f000 	C:\WINDOWS\System32\ws2_32.DLL
0x00007ff82dfa0000 - 0x00007ff82dfb1000 	C:\WINDOWS\System32\kernel.appcore.dll
0x00007ff829050000 - 0x00007ff829061000 	C:\Program Files\JetBrains\PyCharm 2020.3.1\jbr\bin\verify.dll
0x00007ff81d5e0000 - 0x00007ff81d7d4000 	C:\WINDOWS\SYSTEM32\DBGHELP.DLL
0x00007ff81d5b0000 - 0x00007ff81d5da000 	C:\WINDOWS\SYSTEM32\dbgcore.DLL
0x00007ff826df0000 - 0x00007ff826e19000 	C:\Program Files\JetBrains\PyCharm 2020.3.1\jbr\bin\java.dll
0x00007ff82a780000 - 0x00007ff82a78b000 	C:\Program Files\JetBrains\PyCharm 2020.3.1\jbr\bin\jimage.dll
0x00007ff827770000 - 0x00007ff827788000 	C:\Program Files\JetBrains\PyCharm 2020.3.1\jbr\bin\zip.dll
0x00007ff82f890000 - 0x00007ff82ff78000 	C:\WINDOWS\System32\SHELL32.dll
0x00007ff82f150000 - 0x00007ff82f1f7000 	C:\WINDOWS\System32\shcore.dll
0x00007ff82e390000 - 0x00007ff82eb0b000 	C:\WINDOWS\System32\windows.storage.dll
0x00007ff82df00000 - 0x00007ff82df23000 	C:\WINDOWS\System32\profapi.dll
0x00007ff82df30000 - 0x00007ff82df7a000 	C:\WINDOWS\System32\powrprof.dll
0x00007ff82def0000 - 0x00007ff82df00000 	C:\WINDOWS\System32\UMPDC.dll
0x00007ff82f0f0000 - 0x00007ff82f142000 	C:\WINDOWS\System32\shlwapi.dll
0x00007ff82dfc0000 - 0x00007ff82dfd7000 	C:\WINDOWS\System32\cryptsp.dll
0x00007ff8255f0000 - 0x00007ff82560a000 	C:\Program Files\JetBrains\PyCharm 2020.3.1\jbr\bin\net.dll
0x00007ff825610000 - 0x00007ff825700000 	C:\WINDOWS\SYSTEM32\WINHTTP.dll
0x00007ff82d730000 - 0x00007ff82d797000 	C:\WINDOWS\system32\mswsock.dll
0x00007ff8255d0000 - 0x00007ff8255e4000 	C:\Program Files\JetBrains\PyCharm 2020.3.1\jbr\bin\nio.dll
0x00007ff82d250000 - 0x00007ff82d283000 	C:\WINDOWS\system32\rsaenh.dll
0x00007ff82f0c0000 - 0x00007ff82f0e6000 	C:\WINDOWS\System32\bcrypt.dll
0x00007ff82de10000 - 0x00007ff82de35000 	C:\WINDOWS\SYSTEM32\USERENV.dll
0x00007ff82d900000 - 0x00007ff82d90c000 	C:\WINDOWS\SYSTEM32\CRYPTBASE.dll
0x00007ff82d3e0000 - 0x00007ff82d41a000 	C:\WINDOWS\SYSTEM32\IPHLPAPI.DLL
0x00007ff82f410000 - 0x00007ff82f418000 	C:\WINDOWS\System32\NSI.dll
0x00007ff824480000 - 0x00007ff824496000 	C:\WINDOWS\SYSTEM32\dhcpcsvc6.DLL
0x00007ff8245e0000 - 0x00007ff8245fc000 	C:\WINDOWS\SYSTEM32\dhcpcsvc.DLL
0x00007ff82d420000 - 0x00007ff82d4eb000 	C:\WINDOWS\SYSTEM32\DNSAPI.dll
0x00007ff822920000 - 0x00007ff822928000 	C:\Program Files\JetBrains\PyCharm 2020.3.1\jbr\bin\rmi.dll
0x0000000067740000 - 0x0000000067818000 	C:\Users\Администратор\AppData\Local\Temp\sqlite-3.34.0-9f648407-b7c3-43fa-9916-564f3ac04dc1-sqlitejdbc.dll

dbghelp: loaded successfully - version: 4.0.5 - missing functions: none
symbol engine: initialized successfully - sym options: 0x614 - pdb path: .;C:\Program Files\JetBrains\PyCharm 2020.3.1\jbr\bin;C:\WINDOWS\SYSTEM32;C:\WINDOWS\WinSxS\amd64_microsoft.windows.common-controls_6595b64144ccf1df_6.0.18362.1316_none_9e7a364fe461dbd7;C:\Program Files\JetBrains\PyCharm 2020.3.1\jbr\bin\server;C:\Users\Администратор\AppData\Local\Temp

VM Arguments:
jvm_args: -Djava.rmi.server.hostname=127.0.0.1 -Duser.timezone=UTC -Xmx750m -Xms128m -Dfile.encoding=UTF-8 
java_command: com.intellij.database.remote.RemoteJdbcServer org.sqlite.JDBC
java_class_path (initial): C:\Program Files\JetBrains\PyCharm 2020.3.1\lib\util.jar;C:\Program Files\JetBrains\PyCharm 2020.3.1\lib\trove4j.jar;C:\Program Files\JetBrains\PyCharm 2020.3.1\lib\groovy-2.5.11.jar;C:\Program Files\JetBrains\PyCharm 2020.3.1\plugins\DatabaseTools\lib\jdbc-console.jar;C:\Users\Администратор\AppData\Roaming\JetBrains\PyCharm2020.3\jdbc-drivers\Xerial SQLiteJDBC\3.34.0\sqlite-jdbc-3.34.0.jar;C:\Users\Администратор\AppData\Roaming\JetBrains\PyCharm2020.3\jdbc-drivers\Xerial SQLiteJDBC\3.31.1\sqlite-jdbc-3.31.1.jar
Launcher Type: SUN_STANDARD

[Global flags]
     intx CICompilerCount                          = 3                                         {product} {ergonomic}
     uint ConcGCThreads                            = 1                                         {product} {ergonomic}
     uint G1ConcRefinementThreads                  = 4                                         {product} {ergonomic}
   size_t G1HeapRegionSize                         = 1048576                                   {product} {ergonomic}
    uintx GCDrainStackTargetSize                   = 64                                        {product} {ergonomic}
   size_t InitialHeapSize                          = 134217728                                 {product} {command line}
   size_t MarkStackSize                            = 4194304                                   {product} {ergonomic}
   size_t MaxHeapSize                              = 786432000                                 {product} {command line}
   size_t MaxNewSize                               = 471859200                                 {product} {ergonomic}
   size_t MinHeapDeltaBytes                        = 1048576                                   {product} {ergonomic}
    uintx NonNMethodCodeHeapSize                   = 5830732                                {pd product} {ergonomic}
    uintx NonProfiledCodeHeapSize                  = 122913754                              {pd product} {ergonomic}
    uintx ProfiledCodeHeapSize                     = 122913754                              {pd product} {ergonomic}
    uintx ReservedCodeCacheSize                    = 251658240                              {pd product} {ergonomic}
     bool SegmentedCodeCache                       = true                                      {product} {ergonomic}
     bool UseCompressedClassPointers               = true                                 {lp64_product} {ergonomic}
     bool UseCompressedOops                        = true                                 {lp64_product} {ergonomic}
     bool UseG1GC                                  = true                                      {product} {ergonomic}
     bool UseLargePagesIndividualAllocation        = false                                  {pd product} {ergonomic}

Logging:
Log output configuration:
 #0: stdout all=warning uptime,level,tags
 #1: stderr all=off uptime,level,tags

Environment Variables:
PATH=C:\WINDOWS\system32;C:\WINDOWS;C:\WINDOWS\System32\Wbem;C:\WINDOWS\System32\WindowsPowerShell\v1.0\;C:\WINDOWS\System32\OpenSSH\;C:\Program Files\Git\cmd;C:\Program Files\Python\Scripts\;C:\Program Files\Python\;C:\Users\Администратор\AppData\Local\Microsoft\WindowsApps;
USERNAME=Администратор
OS=Windows_NT
PROCESSOR_IDENTIFIER=Intel64 Family 6 Model 61 Stepping 4, GenuineIntel



---------------  S Y S T E M  ---------------

OS: Windows 10 , 64 bit Build 18362 (10.0.18362.1316)
OS uptime: 0 days 5:00 hours

CPU:total 4 (initial active 4) (2 cores per cpu, 2 threads per core) family 6 model 61 stepping 4, cmov, cx8, fxsr, mmx, sse, sse2, sse3, ssse3, sse4.1, sse4.2, popcnt, avx, avx2, aes, clmul, erms, 3dnowpref, lzcnt, ht, tsc, tscinvbit, bmi1, bmi2, adx, fma

Memory: 4k page, system-wide physical 4008M (496M free)
TotalPageFile size 4808M (AvailPageFile size 4M)
current process WorkingSet (physical memory assigned to process): 23M, peak: 141M
current process commit charge ("private bytes"): 216M, peak: 276M

vm_info: OpenJDK 64-Bit Server VM (11.0.9.1+11-b1145.37) for windows-amd64 JRE (11.0.9.1+11-b1145.37), built on Dec 16 2020 17:09:15 by "" with MS VC++ 14.0 (VS2015)

END.
